<?xml version="1.0" encoding="UTF-8"?>
<!-- Generated by org.testng.reporters.JUnitReportReporter -->
<testsuite hostname="Snow" failures="0" tests="1" name="tests.AdNabuTest" time="25.420" errors="0" timestamp="2023-11-30T04:43:21 IST" skipped="0">
  <testcase classname="tests.AdNabuTest" name="testScenario" time="25.420"/>
</testsuite> <!-- tests.AdNabuTest -->
